<?xml version="1.0" encoding="UTF-8"?>
<testng-results ignored="1" total="2" passed="1" failed="0" skipped="0">
  <reporter-output>
  </reporter-output>
  <suite started-at="2024-04-08T12:45:34 IST" name="Default suite" finished-at="2024-04-08T12:45:50 IST" duration-ms="15964">
    <groups>
    </groups>
    <test started-at="2024-04-08T12:45:34 IST" name="Default test" finished-at="2024-04-08T12:45:50 IST" duration-ms="15964">
      <class name="Pagefactory_XYZBanking.TestMethods_TC_01andTC_02">
        <test-method is-config="true" signature="beforetest()[pri:0, instance:Pagefactory_XYZBanking.TestMethods_TC_01andTC_02@8462f31]" started-at="2024-04-08T12:45:34 IST" name="beforetest" finished-at="2024-04-08T12:45:45 IST" duration-ms="10419" status="PASS">
          <reporter-output>
          </reporter-output>
        </test-method> <!-- beforetest -->
        <test-method signature="CustomerLogin()[pri:1, instance:Pagefactory_XYZBanking.TestMethods_TC_01andTC_02@8462f31]" started-at="2024-04-08T12:45:45 IST" name="CustomerLogin" finished-at="2024-04-08T12:45:50 IST" duration-ms="5013" status="PASS">
          <reporter-output>
          </reporter-output>
        </test-method> <!-- CustomerLogin -->
        <test-method is-config="true" signature="aftertest()[pri:0, instance:Pagefactory_XYZBanking.TestMethods_TC_01andTC_02@8462f31]" started-at="2024-04-08T12:45:50 IST" name="aftertest" finished-at="2024-04-08T12:45:50 IST" duration-ms="440" status="PASS">
          <reporter-output>
          </reporter-output>
        </test-method> <!-- aftertest -->
      </class> <!-- Pagefactory_XYZBanking.TestMethods_TC_01andTC_02 -->
    </test> <!-- Default test -->
  </suite> <!-- Default suite -->
</testng-results>
