<?xml version="1.0" encoding="UTF-8"?>
<!-- Generated by org.testng.reporters.JUnitXMLReporter -->
<testsuite ignored="1" hostname="LIN76000993" failures="0" tests="1" name="Default test" time="15.964" errors="0" timestamp="2024-04-08T12:45:50 IST">
  <testcase classname="Pagefactory_XYZBanking.TestMethods_TC_01andTC_02" name="CustomerLogin" time="5.013"/>
  <testcase classname="Pagefactory_XYZBanking.TestMethods_TC_01andTC_02" name="BankmanagerLogin" time="0.0">
    <ignored/>
  </testcase> <!-- BankmanagerLogin -->
</testsuite> <!-- Default test -->
